2015/11/09 13:52:26 にビルドを開始しました。
     1>ノード 2 上のプロジェクト "C:\Users\riguruchan\Desktop\DirectX\Solution\RiguruLib_40\RiguruLib\RiguruLib\RiguruLib.vcxproj" (Build ターゲット)。
     1>ClCompile:
         C:\Program Files (x86)\Microsoft Visual Studio 12.0\VC\bin\CL.exe /c /ZI /nologo /W3 /WX- /sdl /Od /Oy- /D WIN32 /D _DEBUG /D _WINDOWS /D _UNICODE /D UNICODE /Gm /EHsc /RTC1 /MDd /GS /fp:precise /Zc:wchar_t /Zc:forScope /Fo"Debug\\" /Fd"Debug\vc120.pdb" /Gd /TP /analyze- /errorReport:prompt Src\Other\D3D11User.cpp
         D3D11User.cpp
     1>c:\users\riguruchan\desktop\directx\solution\rigurulib_40\rigurulib\directx\inc\dxgitype.h(12): warning C4005: 'DXGI_STATUS_OCCLUDED' : マクロが再定義されました。
                 c:\program files (x86)\windows kits\8.1\include\shared\winerror.h(50002) : 'DXGI_STATUS_OCCLUDED' の前の定義を確認してください
     1>c:\users\riguruchan\desktop\directx\solution\rigurulib_40\rigurulib\directx\inc\dxgitype.h(13): warning C4005: 'DXGI_STATUS_CLIPPED' : マクロが再定義されました。
                 c:\program files (x86)\windows kits\8.1\include\shared\winerror.h(50011) : 'DXGI_STATUS_CLIPPED' の前の定義を確認してください
     1>c:\users\riguruchan\desktop\directx\solution\rigurulib_40\rigurulib\directx\inc\dxgitype.h(14): warning C4005: 'DXGI_STATUS_NO_REDIRECTION' : マクロが再定義されました。
                 c:\program files (x86)\windows kits\8.1\include\shared\winerror.h(50020) : 'DXGI_STATUS_NO_REDIRECTION' の前の定義を確認してください
     1>c:\users\riguruchan\desktop\directx\solution\rigurulib_40\rigurulib\directx\inc\dxgitype.h(15): warning C4005: 'DXGI_STATUS_NO_DESKTOP_ACCESS' : マクロが再定義されました。
                 c:\program files (x86)\windows kits\8.1\include\shared\winerror.h(50029) : 'DXGI_STATUS_NO_DESKTOP_ACCESS' の前の定義を確認してください
     1>c:\users\riguruchan\desktop\directx\solution\rigurulib_40\rigurulib\directx\inc\dxgitype.h(16): warning C4005: 'DXGI_STATUS_GRAPHICS_VIDPN_SOURCE_IN_USE' : マクロが再定義されました。
                 c:\program files (x86)\windows kits\8.1\include\shared\winerror.h(50038) : 'DXGI_STATUS_GRAPHICS_VIDPN_SOURCE_IN_USE' の前の定義を確認してください
     1>c:\users\riguruchan\desktop\directx\solution\rigurulib_40\rigurulib\directx\inc\dxgitype.h(17): warning C4005: 'DXGI_STATUS_MODE_CHANGED' : マクロが再定義されました。
                 c:\program files (x86)\windows kits\8.1\include\shared\winerror.h(50047) : 'DXGI_STATUS_MODE_CHANGED' の前の定義を確認してください
     1>c:\users\riguruchan\desktop\directx\solution\rigurulib_40\rigurulib\directx\inc\dxgitype.h(18): warning C4005: 'DXGI_STATUS_MODE_CHANGE_IN_PROGRESS' : マクロが再定義されました。
                 c:\program files (x86)\windows kits\8.1\include\shared\winerror.h(50056) : 'DXGI_STATUS_MODE_CHANGE_IN_PROGRESS' の前の定義を確認してください
     1>c:\users\riguruchan\desktop\directx\solution\rigurulib_40\rigurulib\directx\inc\dxgitype.h(21): warning C4005: 'DXGI_ERROR_INVALID_CALL' : マクロが再定義されました。
                 c:\program files (x86)\windows kits\8.1\include\shared\winerror.h(50071) : 'DXGI_ERROR_INVALID_CALL' の前の定義を確認してください
     1>c:\users\riguruchan\desktop\directx\solution\rigurulib_40\rigurulib\directx\inc\dxgitype.h(22): warning C4005: 'DXGI_ERROR_NOT_FOUND' : マクロが再定義されました。
                 c:\program files (x86)\windows kits\8.1\include\shared\winerror.h(50080) : 'DXGI_ERROR_NOT_FOUND' の前の定義を確認してください
     1>c:\users\riguruchan\desktop\directx\solution\rigurulib_40\rigurulib\directx\inc\dxgitype.h(23): warning C4005: 'DXGI_ERROR_MORE_DATA' : マクロが再定義されました。
                 c:\program files (x86)\windows kits\8.1\include\shared\winerror.h(50089) : 'DXGI_ERROR_MORE_DATA' の前の定義を確認してください
     1>c:\users\riguruchan\desktop\directx\solution\rigurulib_40\rigurulib\directx\inc\dxgitype.h(24): warning C4005: 'DXGI_ERROR_UNSUPPORTED' : マクロが再定義されました。
                 c:\program files (x86)\windows kits\8.1\include\shared\winerror.h(50098) : 'DXGI_ERROR_UNSUPPORTED' の前の定義を確認してください
     1>c:\users\riguruchan\desktop\directx\solution\rigurulib_40\rigurulib\directx\inc\dxgitype.h(25): warning C4005: 'DXGI_ERROR_DEVICE_REMOVED' : マクロが再定義されました。
                 c:\program files (x86)\windows kits\8.1\include\shared\winerror.h(50107) : 'DXGI_ERROR_DEVICE_REMOVED' の前の定義を確認してください
     1>c:\users\riguruchan\desktop\directx\solution\rigurulib_40\rigurulib\directx\inc\dxgitype.h(26): warning C4005: 'DXGI_ERROR_DEVICE_HUNG' : マクロが再定義されました。
                 c:\program files (x86)\windows kits\8.1\include\shared\winerror.h(50116) : 'DXGI_ERROR_DEVICE_HUNG' の前の定義を確認してください
     1>c:\users\riguruchan\desktop\directx\solution\rigurulib_40\rigurulib\directx\inc\dxgitype.h(27): warning C4005: 'DXGI_ERROR_DEVICE_RESET' : マクロが再定義されました。
                 c:\program files (x86)\windows kits\8.1\include\shared\winerror.h(50126) : 'DXGI_ERROR_DEVICE_RESET' の前の定義を確認してください
     1>c:\users\riguruchan\desktop\directx\solution\rigurulib_40\rigurulib\directx\inc\dxgitype.h(28): warning C4005: 'DXGI_ERROR_WAS_STILL_DRAWING' : マクロが再定義されました。
                 c:\program files (x86)\windows kits\8.1\include\shared\winerror.h(50135) : 'DXGI_ERROR_WAS_STILL_DRAWING' の前の定義を確認してください
     1>c:\users\riguruchan\desktop\directx\solution\rigurulib_40\rigurulib\directx\inc\dxgitype.h(29): warning C4005: 'DXGI_ERROR_FRAME_STATISTICS_DISJOINT' : マクロが再定義されました。
                 c:\program files (x86)\windows kits\8.1\include\shared\winerror.h(50145) : 'DXGI_ERROR_FRAME_STATISTICS_DISJOINT' の前の定義を確認してください
     1>c:\users\riguruchan\desktop\directx\solution\rigurulib_40\rigurulib\directx\inc\dxgitype.h(30): warning C4005: 'DXGI_ERROR_GRAPHICS_VIDPN_SOURCE_IN_USE' : マクロが再定義されました。
                 c:\program files (x86)\windows kits\8.1\include\shared\winerror.h(50154) : 'DXGI_ERROR_GRAPHICS_VIDPN_SOURCE_IN_USE' の前の定義を確認してください
     1>c:\users\riguruchan\desktop\directx\solution\rigurulib_40\rigurulib\directx\inc\dxgitype.h(31): warning C4005: 'DXGI_ERROR_DRIVER_INTERNAL_ERROR' : マクロが再定義されました。
                 c:\program files (x86)\windows kits\8.1\include\shared\winerror.h(50164) : 'DXGI_ERROR_DRIVER_INTERNAL_ERROR' の前の定義を確認してください
     1>c:\users\riguruchan\desktop\directx\solution\rigurulib_40\rigurulib\directx\inc\dxgitype.h(32): warning C4005: 'DXGI_ERROR_NONEXCLUSIVE' : マクロが再定義されました。
                 c:\program files (x86)\windows kits\8.1\include\shared\winerror.h(50173) : 'DXGI_ERROR_NONEXCLUSIVE' の前の定義を確認してください
     1>c:\users\riguruchan\desktop\directx\solution\rigurulib_40\rigurulib\directx\inc\dxgitype.h(33): warning C4005: 'DXGI_ERROR_NOT_CURRENTLY_AVAILABLE' : マクロが再定義されました。
                 c:\program files (x86)\windows kits\8.1\include\shared\winerror.h(50182) : 'DXGI_ERROR_NOT_CURRENTLY_AVAILABLE' の前の定義を確認してください
     1>c:\users\riguruchan\desktop\directx\solution\rigurulib_40\rigurulib\directx\inc\dxgitype.h(34): warning C4005: 'DXGI_ERROR_REMOTE_CLIENT_DISCONNECTED' : マクロが再定義されました。
                 c:\program files (x86)\windows kits\8.1\include\shared\winerror.h(50192) : 'DXGI_ERROR_REMOTE_CLIENT_DISCONNECTED' の前の定義を確認してください
     1>c:\users\riguruchan\desktop\directx\solution\rigurulib_40\rigurulib\directx\inc\dxgitype.h(35): warning C4005: 'DXGI_ERROR_REMOTE_OUTOFMEMORY' : マクロが再定義されました。
                 c:\program files (x86)\windows kits\8.1\include\shared\winerror.h(50201) : 'DXGI_ERROR_REMOTE_OUTOFMEMORY' の前の定義を確認してください
     1>c:\users\riguruchan\desktop\directx\solution\rigurulib_40\rigurulib\directx\inc\d3d11.h(917): warning C4005: 'D3D11_ERROR_TOO_MANY_UNIQUE_STATE_OBJECTS' : マクロが再定義されました。
                 c:\program files (x86)\windows kits\8.1\include\shared\winerror.h(50379) : 'D3D11_ERROR_TOO_MANY_UNIQUE_STATE_OBJECTS' の前の定義を確認してください
     1>c:\users\riguruchan\desktop\directx\solution\rigurulib_40\rigurulib\directx\inc\d3d11.h(918): warning C4005: 'D3D11_ERROR_FILE_NOT_FOUND' : マクロが再定義されました。
                 c:\program files (x86)\windows kits\8.1\include\shared\winerror.h(50388) : 'D3D11_ERROR_FILE_NOT_FOUND' の前の定義を確認してください
     1>c:\users\riguruchan\desktop\directx\solution\rigurulib_40\rigurulib\directx\inc\d3d11.h(919): warning C4005: 'D3D11_ERROR_TOO_MANY_UNIQUE_VIEW_OBJECTS' : マクロが再定義されました。
                 c:\program files (x86)\windows kits\8.1\include\shared\winerror.h(50398) : 'D3D11_ERROR_TOO_MANY_UNIQUE_VIEW_OBJECTS' の前の定義を確認してください
     1>c:\users\riguruchan\desktop\directx\solution\rigurulib_40\rigurulib\directx\inc\d3d11.h(920): warning C4005: 'D3D11_ERROR_DEFERRED_CONTEXT_MAP_WITHOUT_INITIAL_DISCARD' : マクロが再定義されました。
                 c:\program files (x86)\windows kits\8.1\include\shared\winerror.h(50407) : 'D3D11_ERROR_DEFERRED_CONTEXT_MAP_WITHOUT_INITIAL_DISCARD' の前の定義を確認してください
     1>c:\users\riguruchan\desktop\directx\solution\rigurulib_40\rigurulib\directx\inc\d3d10.h(608): warning C4005: 'D3D10_ERROR_TOO_MANY_UNIQUE_STATE_OBJECTS' : マクロが再定義されました。
                 c:\program files (x86)\windows kits\8.1\include\shared\winerror.h(50355) : 'D3D10_ERROR_TOO_MANY_UNIQUE_STATE_OBJECTS' の前の定義を確認してください
     1>c:\users\riguruchan\desktop\directx\solution\rigurulib_40\rigurulib\directx\inc\d3d10.h(609): warning C4005: 'D3D10_ERROR_FILE_NOT_FOUND' : マクロが再定義されました。
                 c:\program files (x86)\windows kits\8.1\include\shared\winerror.h(50364) : 'D3D10_ERROR_FILE_NOT_FOUND' の前の定義を確認してください
       Link:
         C:\Program Files (x86)\Microsoft Visual Studio 12.0\VC\bin\link.exe /ERRORREPORT:PROMPT /OUT:"C:\Users\riguruchan\Desktop\DirectX\Solution\RiguruLib_40\RiguruLib\Debug\RiguruLib.exe" /INCREMENTAL /NOLOGO kernel32.lib user32.lib gdi32.lib winspool.lib comdlg32.lib advapi32.lib shell32.lib ole32.lib oleaut32.lib uuid.lib odbc32.lib odbccp32.lib /MANIFEST /MANIFESTUAC:"level='asInvoker' uiAccess='false'" /manifest:embed /DEBUG /PDB:"C:\Users\riguruchan\Desktop\DirectX\Solution\RiguruLib_40\RiguruLib\Debug\RiguruLib.pdb" /SUBSYSTEM:WINDOWS /TLBID:1 /DYNAMICBASE /NXCOMPAT /IMPLIB:"C:\Users\riguruchan\Desktop\DirectX\Solution\RiguruLib_40\RiguruLib\Debug\RiguruLib.lib" /MACHINE:X86 Debug\Actor.obj
         Debug\ActorManager.obj
         Debug\Camera.obj
         Debug\Collision.obj
         Debug\Thread.obj
         Debug\Player.obj
         Debug\Stage.obj
         Debug\UI.obj
         Debug\Audio.obj
         Debug\Sound.obj
         Debug\Animation.obj
         Debug\AnimUser.obj
         Debug\RgrALoader.obj
         Debug\Graphic.obj
         Debug\Mesh.obj
         Debug\MeshUser.obj
         Debug\OctreeLoader.obj
         Debug\OctreeUser.obj
         Debug\RgrLoader.obj
         Debug\LoadTexture.obj
         Debug\Shader.obj
         Debug\Line.obj
         Debug\Font.obj
         Debug\Texture.obj
         Debug\Input.obj
         Debug\KeyBoard.obj
         Debug\Mouse.obj
         Debug\main.obj
         Debug\Converter.obj
         Debug\MathUtility.obj
         Debug\Matrix4.obj
         Debug\MatrixUtility.obj
         Debug\Quaternion.obj
         Debug\Vector2.obj
         Debug\Vector2Utility.obj
         Debug\Vector3.obj
         Debug\Vector3Utility.obj
         Debug\D3D11User.obj
         Debug\GamePlayScene.obj
         Debug\SceneManager.obj
         Debug\TitleScene.obj
         Debug\World.obj
         Debug\WorldActor.obj
         RiguruLib.vcxproj -> C:\Users\riguruchan\Desktop\DirectX\Solution\RiguruLib_40\RiguruLib\Debug\RiguruLib.exe
     1>プロジェクト "C:\Users\riguruchan\Desktop\DirectX\Solution\RiguruLib_40\RiguruLib\RiguruLib\RiguruLib.vcxproj" (Build ターゲット) のビルドが完了しました。

ビルドに成功しました。

経過時間 00:00:01.68
